<?xml version="1.0" encoding="UTF-8"?>
<testsuite xmlns:xsi="http://www.w3.org/2001/XMLSchema-instance" xsi:noNamespaceSchemaLocation="https://maven.apache.org/surefire/maven-surefire-plugin/xsd/surefire-test-report.xsd" version="3.0.2" name="com.example.hospital_manager.HospitalManagerApplicationTests" time="2.221" tests="1" errors="0" skipped="0" failures="0">
  <properties>
[...]
</properties>
  <testcase name="contextLoads" classname="com.example.hospital_manager.HospitalManagerApplicationTests" time="0.232">
    <system-out><![CDATA[08:35:34.903 [main] INFO org.springframework.test.context.support.AnnotationConfigContextLoaderUtils -- Could not detect default configuration classes for test class [com.example.hospital_manager.HospitalManagerApplicationTests]: HospitalManagerApplicationTests does not declare any static, non-private, non-final, nested classes annotated with @Configuration.
08:35:34.947 [main] INFO org.springframework.boot.test.context.SpringBootTestContextBootstrapper -- Found @SpringBootConfiguration com.example.hospital_manager.HospitalManagerApplication for test class com.example.hospital_manager.HospitalManagerApplicationTests
08:35:35.016 [main] INFO org.springframework.boot.devtools.restart.RestartApplicationListener -- Restart disabled due to context in which it is running

  .   ____          _            __ _ _
 /\\ / ___'_ __ _ _(_)_ __  __ _ \ \ \ \
( ( )\___ | '_ | '_| | '_ \/ _` | \ \ \ \
 \\/  ___)| |_)| | | | | || (_| |  ) ) ) )
  '  |____| .__|_| |_|_| |_\__, | / / / /
 =========|_|==============|___/=/_/_/_/

 :: Spring Boot ::                (v3.5.6)

2025-09-20T08:35:35.119+05:30  INFO 6405 --- [           main] c.e.h.HospitalManagerApplicationTests    : Starting HospitalManagerApplicationTests using Java 17.0.16 with PID 6405 (started by asmitvedant in /Users/asmitvedant/Desktop/hospital-manager)
2025-09-20T08:35:35.120+05:30  INFO 6405 --- [           main] c.e.h.HospitalManagerApplicationTests    : No active profile set, falling back to 1 default profile: "default"
2025-09-20T08:35:35.486+05:30  INFO 6405 --- [           main] .s.d.r.c.RepositoryConfigurationDelegate : Bootstrapping Spring Data JPA repositories in DEFAULT mode.
2025-09-20T08:35:35.506+05:30  INFO 6405 --- [           main] .s.d.r.c.RepositoryConfigurationDelegate : Finished Spring Data repository scanning in 15 ms. Found 1 JPA repository interface.
2025-09-20T08:35:35.666+05:30  INFO 6405 --- [           main] o.hibernate.jpa.internal.util.LogHelper  : HHH000204: Processing PersistenceUnitInfo [name: default]
2025-09-20T08:35:35.696+05:30  INFO 6405 --- [           main] org.hibernate.Version                    : HHH000412: Hibernate ORM core version 6.6.29.Final
2025-09-20T08:35:35.750+05:30  INFO 6405 --- [           main] o.h.c.internal.RegionFactoryInitiator    : HHH000026: Second-level cache disabled
2025-09-20T08:35:35.870+05:30  INFO 6405 --- [           main] o.s.o.j.p.SpringPersistenceUnitInfo      : No LoadTimeWeaver setup: ignoring JPA class transformer
2025-09-20T08:35:35.882+05:30  INFO 6405 --- [           main] com.zaxxer.hikari.HikariDataSource       : HikariPool-1 - Starting...
2025-09-20T08:35:35.974+05:30  INFO 6405 --- [           main] com.zaxxer.hikari.pool.HikariPool        : HikariPool-1 - Added connection com.mysql.cj.jdbc.ConnectionImpl@fde487b
2025-09-20T08:35:35.975+05:30  INFO 6405 --- [           main] com.zaxxer.hikari.HikariDataSource       : HikariPool-1 - Start completed.
2025-09-20T08:35:36.002+05:30  WARN 6405 --- [           main] org.hibernate.orm.deprecation            : HHH90000025: MySQL8Dialect does not need to be specified explicitly using 'hibernate.dialect' (remove the property setting and it will be selected by default)
2025-09-20T08:35:36.002+05:30  WARN 6405 --- [           main] org.hibernate.orm.deprecation            : HHH90000026: MySQL8Dialect has been deprecated; use org.hibernate.dialect.MySQLDialect instead
2025-09-20T08:35:36.010+05:30  INFO 6405 --- [           main] org.hibernate.orm.connections.pooling    : HHH10001005: Database info:
	Database JDBC URL [Connecting through datasource 'HikariDataSource (HikariPool-1)']
	Database driver: undefined/unknown
	Database version: 8.0
	Autocommit mode: undefined/unknown
	Isolation level: undefined/unknown
	Minimum pool size: undefined/unknown
	Maximum pool size: undefined/unknown
2025-09-20T08:35:36.311+05:30  INFO 6405 --- [           main] o.h.e.t.j.p.i.JtaPlatformInitiator       : HHH000489: No JTA platform available (set 'hibernate.transaction.jta.platform' to enable JTA platform integration)
2025-09-20T08:35:36.348+05:30  INFO 6405 --- [           main] j.LocalContainerEntityManagerFactoryBean : Initialized JPA EntityManagerFactory for persistence unit 'default'
2025-09-20T08:35:36.523+05:30  WARN 6405 --- [           main] JpaBaseConfiguration$JpaWebConfiguration : spring.jpa.open-in-view is enabled by default. Therefore, database queries may be performed during view rendering. Explicitly configure spring.jpa.open-in-view to disable this warning
2025-09-20T08:35:36.768+05:30  INFO 6405 --- [           main] o.s.b.a.e.web.EndpointLinksResolver      : Exposing 13 endpoints beneath base path '/actuator'
2025-09-20T08:35:36.809+05:30  INFO 6405 --- [           main] c.e.h.HospitalManagerApplicationTests    : Started HospitalManagerApplicationTests in 1.796 seconds (process running for 2.171)
Hibernate: 
    insert 
    into
        patient
        (age, created_at, name, priority_level, status) 
    values
        (?, ?, ?, ?, ?)
🤖 Gemini added patient: Ava (HIGH)
]]></system-out>
  </testcase>
</testsuite>